2025-08-04 14:19:07 INFO  c.v.s.SalesOrderServiceApplication - Starting SalesOrderServiceApplication using Java 17.0.15 with PID 18984 (C:\Users\amath\Downloads\sales-order-service\sales-order-service\target\classes started by amath in C:\Users\amath\Downloads\sales-order-service)
2025-08-04 14:19:07 INFO  c.v.s.SalesOrderServiceApplication - No active profile set, falling back to 1 default profile: "default"
2025-08-04 14:19:08 DEBUG o.s.c.o.FeignClientsRegistrar$1 - Identified candidate component class: file [C:\Users\amath\Downloads\sales-order-service\sales-order-service\target\classes\com\verizon\sales\client\CustomerClient.class]
2025-08-04 14:19:08 DEBUG o.s.c.o.FeignClientsRegistrar$1 - Identified candidate component class: file [C:\Users\amath\Downloads\sales-order-service\sales-order-service\target\classes\com\verizon\sales\client\ItemClient.class]
2025-08-04 14:19:09 INFO  o.s.d.r.c.RepositoryConfigurationDelegate - Bootstrapping Spring Data JPA repositories in DEFAULT mode.
2025-08-04 14:19:09 INFO  o.s.d.r.c.RepositoryConfigurationDelegate - Finished Spring Data repository scanning in 352 ms. Found 2 JPA repository interfaces.
2025-08-04 14:19:10 INFO  o.s.cloud.context.scope.GenericScope - BeanFactory id=2faf6474-fa67-3679-9caa-dedbd90cbf76
2025-08-04 14:19:10 DEBUG o.s.c.o.FeignClientFactoryBean - Creating a FeignClientFactoryBean.
2025-08-04 14:19:10 INFO  o.s.c.s.PostProcessorRegistrationDelegate$BeanPostProcessorChecker - Bean 'com.verizon.sales.client.CustomerClient' of type [org.springframework.cloud.openfeign.FeignClientFactoryBean] is not eligible for getting processed by all BeanPostProcessors (for example: not eligible for auto-proxying)
2025-08-04 14:19:10 DEBUG o.s.c.o.FeignClientFactoryBean - Creating a FeignClientFactoryBean.
2025-08-04 14:19:10 INFO  o.s.c.s.PostProcessorRegistrationDelegate$BeanPostProcessorChecker - Bean 'com.verizon.sales.client.ItemClient' of type [org.springframework.cloud.openfeign.FeignClientFactoryBean] is not eligible for getting processed by all BeanPostProcessors (for example: not eligible for auto-proxying)
2025-08-04 14:19:11 INFO  o.s.b.w.e.tomcat.TomcatWebServer - Tomcat initialized with port(s): 8083 (http)
2025-08-04 14:19:11 INFO  o.a.coyote.http11.Http11NioProtocol - Initializing ProtocolHandler ["http-nio-8083"]
2025-08-04 14:19:11 INFO  o.a.catalina.core.StandardService - Starting service [Tomcat]
2025-08-04 14:19:11 INFO  o.a.catalina.core.StandardEngine - Starting Servlet engine: [Apache Tomcat/10.1.18]
2025-08-04 14:19:11 INFO  o.a.c.c.C.[Tomcat].[localhost].[/] - Initializing Spring embedded WebApplicationContext
2025-08-04 14:19:11 INFO  o.s.b.w.s.c.ServletWebServerApplicationContext - Root WebApplicationContext: initialization completed in 4145 ms
2025-08-04 14:19:12 INFO  com.zaxxer.hikari.HikariDataSource - HikariPool-1 - Starting...
2025-08-04 14:19:12 INFO  com.zaxxer.hikari.pool.HikariPool - HikariPool-1 - Added connection conn0: url=jdbc:h2:mem:salesdb user=SA
2025-08-04 14:19:12 INFO  com.zaxxer.hikari.HikariDataSource - HikariPool-1 - Start completed.
2025-08-04 14:19:12 INFO  o.s.b.a.h.H2ConsoleAutoConfiguration - H2 console available at '/h2-console'. Database available at 'jdbc:h2:mem:salesdb'
2025-08-04 14:19:13 INFO  o.h.jpa.internal.util.LogHelper - HHH000204: Processing PersistenceUnitInfo [name: default]
2025-08-04 14:19:13 INFO  org.hibernate.Version - HHH000412: Hibernate ORM core version 6.2.20.Final
2025-08-04 14:19:13 INFO  org.hibernate.cfg.Environment - HHH000406: Using bytecode reflection optimizer
2025-08-04 14:19:13 INFO  o.s.o.j.p.SpringPersistenceUnitInfo - No LoadTimeWeaver setup: ignoring JPA class transformer
2025-08-04 14:19:14 WARN  org.hibernate.orm.deprecation - HHH90000025: H2Dialect does not need to be specified explicitly using 'hibernate.dialect' (remove the property setting and it will be selected by default)
2025-08-04 14:19:15 INFO  o.h.e.t.j.p.i.JtaPlatformInitiator - HHH000489: No JTA platform available (set 'hibernate.transaction.jta.platform' to enable JTA platform integration)
2025-08-04 14:19:15 INFO  o.s.o.j.LocalContainerEntityManagerFactoryBean - Initialized JPA EntityManagerFactory for persistence unit 'default'
2025-08-04 14:19:16 INFO  o.s.c.o.FeignClientFactoryBean - For 'customer-service' URL not provided. Will try picking an instance via load-balancing.
2025-08-04 14:19:16 INFO  o.s.c.o.FeignClientFactoryBean - For 'item-service' URL not provided. Will try picking an instance via load-balancing.
2025-08-04 14:19:19 INFO  o.s.c.n.e.c.DiscoveryClientOptionalArgsConfiguration - Eureka HTTP Client uses RestTemplate.
2025-08-04 14:19:19 WARN  o.s.c.l.c.LoadBalancerCacheAutoConfiguration$LoadBalancerCaffeineWarnLogger - Spring Cloud LoadBalancer is currently working with the default cache. While this cache implementation is useful for development and tests, it's recommended to use Caffeine cache in production.You can switch to using Caffeine cache, by adding it and org.springframework.cache.caffeine.CaffeineCacheManager to the classpath.
2025-08-04 14:19:19 INFO  o.s.b.a.e.web.EndpointLinksResolver - Exposing 26 endpoint(s) beneath base path '/actuator'
2025-08-04 14:19:19 INFO  o.s.c.n.eureka.InstanceInfoFactory - Setting initial instance status as: STARTING
2025-08-04 14:19:19 INFO  c.netflix.discovery.DiscoveryClient - Initializing Eureka in region us-east-1
2025-08-04 14:19:19 INFO  c.n.d.s.r.aws.ConfigClusterResolver - Resolving eureka endpoints via configuration
2025-08-04 14:19:19 INFO  c.netflix.discovery.DiscoveryClient - Disable delta property : false
2025-08-04 14:19:19 INFO  c.netflix.discovery.DiscoveryClient - Single vip registry refresh property : null
2025-08-04 14:19:19 INFO  c.netflix.discovery.DiscoveryClient - Force full registry fetch : false
2025-08-04 14:19:19 INFO  c.netflix.discovery.DiscoveryClient - Application is null : false
2025-08-04 14:19:19 INFO  c.netflix.discovery.DiscoveryClient - Registered Applications size is zero : true
2025-08-04 14:19:19 INFO  c.netflix.discovery.DiscoveryClient - Application version is -1: true
2025-08-04 14:19:19 INFO  c.netflix.discovery.DiscoveryClient - Getting all instance registry info from the eureka server
2025-08-04 14:19:19 INFO  c.netflix.discovery.DiscoveryClient - The response status is 200
2025-08-04 14:19:19 INFO  c.netflix.discovery.DiscoveryClient - Starting heartbeat executor: renew interval is: 30
2025-08-04 14:19:19 INFO  c.n.discovery.InstanceInfoReplicator - InstanceInfoReplicator onDemand update allowed rate per min is 4
2025-08-04 14:19:19 INFO  c.netflix.discovery.DiscoveryClient - Discovery Client initialized at timestamp 1754335159764 with initial instances count: 3
2025-08-04 14:19:19 INFO  o.s.c.n.e.s.EurekaServiceRegistry - Registering application SALES-ORDER-SERVICE with eureka with status UP
2025-08-04 14:19:19 INFO  c.netflix.discovery.DiscoveryClient - Saw local status change event StatusChangeEvent [timestamp=1754335159777, current=UP, previous=STARTING]
2025-08-04 14:19:19 INFO  c.netflix.discovery.DiscoveryClient - DiscoveryClient_SALES-ORDER-SERVICE/host.docker.internal:sales-order-service:8083: registering service...
2025-08-04 14:19:19 INFO  o.a.coyote.http11.Http11NioProtocol - Starting ProtocolHandler ["http-nio-8083"]
2025-08-04 14:19:19 INFO  o.s.b.w.e.tomcat.TomcatWebServer - Tomcat started on port(s): 8083 (http) with context path ''
2025-08-04 14:19:19 INFO  o.s.c.n.e.s.EurekaAutoServiceRegistration - Updating port to 8083
2025-08-04 14:19:19 INFO  c.netflix.discovery.DiscoveryClient - DiscoveryClient_SALES-ORDER-SERVICE/host.docker.internal:sales-order-service:8083 - registration status: 204
2025-08-04 14:19:20 INFO  c.v.s.SalesOrderServiceApplication - Started SalesOrderServiceApplication in 13.336 seconds (process running for 14.139)
2025-08-04 14:24:19 INFO  c.n.d.s.r.aws.ConfigClusterResolver - Resolving eureka endpoints via configuration
2025-08-04 14:29:19 INFO  c.n.d.s.r.aws.ConfigClusterResolver - Resolving eureka endpoints via configuration
2025-08-04 14:34:19 INFO  c.n.d.s.r.aws.ConfigClusterResolver - Resolving eureka endpoints via configuration
2025-08-04 14:39:19 INFO  c.n.d.s.r.aws.ConfigClusterResolver - Resolving eureka endpoints via configuration
2025-08-04 14:44:19 INFO  c.n.d.s.r.aws.ConfigClusterResolver - Resolving eureka endpoints via configuration
2025-08-04 14:49:19 INFO  c.n.d.s.r.aws.ConfigClusterResolver - Resolving eureka endpoints via configuration
2025-08-04 14:54:19 INFO  c.n.d.s.r.aws.ConfigClusterResolver - Resolving eureka endpoints via configuration
2025-08-04 14:59:19 INFO  c.n.d.s.r.aws.ConfigClusterResolver - Resolving eureka endpoints via configuration
2025-08-04 15:01:35 INFO  o.s.c.n.e.s.EurekaServiceRegistry - Unregistering application SALES-ORDER-SERVICE with eureka with status DOWN
2025-08-04 15:01:35 INFO  c.netflix.discovery.DiscoveryClient - Saw local status change event StatusChangeEvent [timestamp=1754337695044, current=DOWN, previous=UP]
2025-08-04 15:01:35 INFO  c.netflix.discovery.DiscoveryClient - DiscoveryClient_SALES-ORDER-SERVICE/host.docker.internal:sales-order-service:8083: registering service...
2025-08-04 15:01:35 INFO  c.netflix.discovery.DiscoveryClient - DiscoveryClient_SALES-ORDER-SERVICE/host.docker.internal:sales-order-service:8083 - registration status: 204
2025-08-04 15:01:36 INFO  o.s.o.j.LocalContainerEntityManagerFactoryBean - Closing JPA EntityManagerFactory for persistence unit 'default'
2025-08-04 15:01:36 INFO  com.zaxxer.hikari.HikariDataSource - HikariPool-1 - Shutdown initiated...
2025-08-04 15:01:36 INFO  com.zaxxer.hikari.HikariDataSource - HikariPool-1 - Shutdown completed.
2025-08-04 15:01:37 INFO  c.netflix.discovery.DiscoveryClient - Shutting down DiscoveryClient ...
2025-08-04 15:01:40 INFO  c.netflix.discovery.DiscoveryClient - Unregistering ...
2025-08-04 15:01:40 INFO  c.netflix.discovery.DiscoveryClient - DiscoveryClient_SALES-ORDER-SERVICE/host.docker.internal:sales-order-service:8083 - deregister  status: 200
2025-08-04 15:01:40 INFO  c.netflix.discovery.DiscoveryClient - Completed shut down of DiscoveryClient
2025-08-04 15:01:49 INFO  c.v.s.SalesOrderServiceApplication - Starting SalesOrderServiceApplication using Java 17.0.15 with PID 13372 (C:\Users\amath\Downloads\sales-order-service\sales-order-service\target\classes started by amath in C:\Users\amath\Downloads\sales-order-service)
2025-08-04 15:01:49 INFO  c.v.s.SalesOrderServiceApplication - No active profile set, falling back to 1 default profile: "default"
2025-08-04 15:01:54 DEBUG o.s.c.o.FeignClientsRegistrar$1 - Identified candidate component class: file [C:\Users\amath\Downloads\sales-order-service\sales-order-service\target\classes\com\verizon\sales\client\CustomerClient.class]
2025-08-04 15:01:54 DEBUG o.s.c.o.FeignClientsRegistrar$1 - Identified candidate component class: file [C:\Users\amath\Downloads\sales-order-service\sales-order-service\target\classes\com\verizon\sales\client\ItemClient.class]
2025-08-04 15:01:55 INFO  o.s.d.r.c.RepositoryConfigurationDelegate - Bootstrapping Spring Data JPA repositories in DEFAULT mode.
2025-08-04 15:01:56 INFO  o.s.d.r.c.RepositoryConfigurationDelegate - Finished Spring Data repository scanning in 211 ms. Found 2 JPA repository interfaces.
2025-08-04 15:01:56 INFO  o.s.cloud.context.scope.GenericScope - BeanFactory id=2faf6474-fa67-3679-9caa-dedbd90cbf76
2025-08-04 15:01:56 DEBUG o.s.c.o.FeignClientFactoryBean - Creating a FeignClientFactoryBean.
2025-08-04 15:01:56 INFO  o.s.c.s.PostProcessorRegistrationDelegate$BeanPostProcessorChecker - Bean 'com.verizon.sales.client.CustomerClient' of type [org.springframework.cloud.openfeign.FeignClientFactoryBean] is not eligible for getting processed by all BeanPostProcessors (for example: not eligible for auto-proxying)
2025-08-04 15:01:56 DEBUG o.s.c.o.FeignClientFactoryBean - Creating a FeignClientFactoryBean.
2025-08-04 15:01:56 INFO  o.s.c.s.PostProcessorRegistrationDelegate$BeanPostProcessorChecker - Bean 'com.verizon.sales.client.ItemClient' of type [org.springframework.cloud.openfeign.FeignClientFactoryBean] is not eligible for getting processed by all BeanPostProcessors (for example: not eligible for auto-proxying)
2025-08-04 15:01:57 INFO  o.s.b.w.e.tomcat.TomcatWebServer - Tomcat initialized with port(s): 8083 (http)
2025-08-04 15:01:57 INFO  o.a.coyote.http11.Http11NioProtocol - Initializing ProtocolHandler ["http-nio-8083"]
2025-08-04 15:01:57 INFO  o.a.catalina.core.StandardService - Starting service [Tomcat]
2025-08-04 15:01:57 INFO  o.a.catalina.core.StandardEngine - Starting Servlet engine: [Apache Tomcat/10.1.18]
2025-08-04 15:01:58 INFO  o.a.c.c.C.[Tomcat].[localhost].[/] - Initializing Spring embedded WebApplicationContext
2025-08-04 15:01:58 INFO  o.s.b.w.s.c.ServletWebServerApplicationContext - Root WebApplicationContext: initialization completed in 8030 ms
2025-08-04 15:01:59 INFO  com.zaxxer.hikari.HikariDataSource - HikariPool-1 - Starting...
2025-08-04 15:02:00 INFO  com.zaxxer.hikari.pool.HikariPool - HikariPool-1 - Added connection conn0: url=jdbc:h2:mem:salesdb user=SA
2025-08-04 15:02:00 INFO  com.zaxxer.hikari.HikariDataSource - HikariPool-1 - Start completed.
2025-08-04 15:02:00 INFO  o.s.b.a.h.H2ConsoleAutoConfiguration - H2 console available at '/h2-console'. Database available at 'jdbc:h2:mem:salesdb'
2025-08-04 15:02:00 INFO  o.h.jpa.internal.util.LogHelper - HHH000204: Processing PersistenceUnitInfo [name: default]
2025-08-04 15:02:00 INFO  org.hibernate.Version - HHH000412: Hibernate ORM core version 6.2.20.Final
2025-08-04 15:02:00 INFO  org.hibernate.cfg.Environment - HHH000406: Using bytecode reflection optimizer
2025-08-04 15:02:01 INFO  o.s.o.j.p.SpringPersistenceUnitInfo - No LoadTimeWeaver setup: ignoring JPA class transformer
2025-08-04 15:02:01 WARN  org.hibernate.orm.deprecation - HHH90000025: H2Dialect does not need to be specified explicitly using 'hibernate.dialect' (remove the property setting and it will be selected by default)
2025-08-04 15:02:02 INFO  o.h.e.t.j.p.i.JtaPlatformInitiator - HHH000489: No JTA platform available (set 'hibernate.transaction.jta.platform' to enable JTA platform integration)
2025-08-04 15:02:02 INFO  o.s.o.j.LocalContainerEntityManagerFactoryBean - Initialized JPA EntityManagerFactory for persistence unit 'default'
2025-08-04 15:02:03 INFO  o.s.c.o.FeignClientFactoryBean - For 'customer-service' URL not provided. Will try picking an instance via load-balancing.
2025-08-04 15:02:03 INFO  o.s.c.o.FeignClientFactoryBean - For 'item-service' URL not provided. Will try picking an instance via load-balancing.
2025-08-04 15:02:06 INFO  o.s.c.n.e.c.DiscoveryClientOptionalArgsConfiguration - Eureka HTTP Client uses RestTemplate.
2025-08-04 15:02:06 WARN  o.s.c.l.c.LoadBalancerCacheAutoConfiguration$LoadBalancerCaffeineWarnLogger - Spring Cloud LoadBalancer is currently working with the default cache. While this cache implementation is useful for development and tests, it's recommended to use Caffeine cache in production.You can switch to using Caffeine cache, by adding it and org.springframework.cache.caffeine.CaffeineCacheManager to the classpath.
2025-08-04 15:02:06 INFO  o.s.b.a.e.web.EndpointLinksResolver - Exposing 26 endpoint(s) beneath base path '/actuator'
2025-08-04 15:02:06 INFO  o.s.c.n.eureka.InstanceInfoFactory - Setting initial instance status as: STARTING
2025-08-04 15:02:06 INFO  c.netflix.discovery.DiscoveryClient - Initializing Eureka in region us-east-1
2025-08-04 15:02:06 INFO  c.n.d.s.r.aws.ConfigClusterResolver - Resolving eureka endpoints via configuration
2025-08-04 15:02:06 INFO  c.netflix.discovery.DiscoveryClient - Disable delta property : false
2025-08-04 15:02:06 INFO  c.netflix.discovery.DiscoveryClient - Single vip registry refresh property : null
2025-08-04 15:02:06 INFO  c.netflix.discovery.DiscoveryClient - Force full registry fetch : false
2025-08-04 15:02:06 INFO  c.netflix.discovery.DiscoveryClient - Application is null : false
2025-08-04 15:02:06 INFO  c.netflix.discovery.DiscoveryClient - Registered Applications size is zero : true
2025-08-04 15:02:06 INFO  c.netflix.discovery.DiscoveryClient - Application version is -1: true
2025-08-04 15:02:06 INFO  c.netflix.discovery.DiscoveryClient - Getting all instance registry info from the eureka server
2025-08-04 15:02:07 INFO  c.netflix.discovery.DiscoveryClient - The response status is 200
2025-08-04 15:02:07 INFO  c.netflix.discovery.DiscoveryClient - Starting heartbeat executor: renew interval is: 30
2025-08-04 15:02:07 INFO  c.n.discovery.InstanceInfoReplicator - InstanceInfoReplicator onDemand update allowed rate per min is 4
2025-08-04 15:02:07 INFO  c.netflix.discovery.DiscoveryClient - Discovery Client initialized at timestamp 1754337727416 with initial instances count: 2
2025-08-04 15:02:07 INFO  o.s.c.n.e.s.EurekaServiceRegistry - Registering application SALES-ORDER-SERVICE with eureka with status UP
2025-08-04 15:02:07 INFO  c.netflix.discovery.DiscoveryClient - Saw local status change event StatusChangeEvent [timestamp=1754337727430, current=UP, previous=STARTING]
2025-08-04 15:02:07 INFO  c.netflix.discovery.DiscoveryClient - DiscoveryClient_SALES-ORDER-SERVICE/host.docker.internal:sales-order-service:8083: registering service...
2025-08-04 15:02:07 INFO  o.a.coyote.http11.Http11NioProtocol - Starting ProtocolHandler ["http-nio-8083"]
2025-08-04 15:02:07 INFO  o.s.b.w.e.tomcat.TomcatWebServer - Tomcat started on port(s): 8083 (http) with context path ''
2025-08-04 15:02:07 INFO  o.s.c.n.e.s.EurekaAutoServiceRegistration - Updating port to 8083
2025-08-04 15:02:07 INFO  c.netflix.discovery.DiscoveryClient - DiscoveryClient_SALES-ORDER-SERVICE/host.docker.internal:sales-order-service:8083 - registration status: 204
2025-08-04 15:02:07 INFO  c.v.s.SalesOrderServiceApplication - Started SalesOrderServiceApplication in 19.02 seconds (process running for 20.007)
2025-08-04 15:02:22 INFO  o.a.c.c.C.[Tomcat].[localhost].[/] - Initializing Spring DispatcherServlet 'dispatcherServlet'
2025-08-04 15:02:22 INFO  o.s.web.servlet.DispatcherServlet - Initializing Servlet 'dispatcherServlet'
2025-08-04 15:02:22 INFO  o.s.web.servlet.DispatcherServlet - Completed initialization in 3 ms
2025-08-04 15:02:23 WARN  z.r.AsyncReporter$BoundedAsyncReporter - Spans were dropped due to exceptions. All subsequent errors will be logged at FINE level.
2025-08-04 15:02:23 WARN  z.r.AsyncReporter$BoundedAsyncReporter - Dropped 1 spans due to ResourceAccessException(I/O error on POST request for "http://localhost:9411/api/v2/spans": Connect to http://localhost:9411 [localhost/127.0.0.1, localhost/0:0:0:0:0:0:0:1] failed: Connection refused: getsockopt)
org.springframework.web.client.ResourceAccessException: I/O error on POST request for "http://localhost:9411/api/v2/spans": Connect to http://localhost:9411 [localhost/127.0.0.1, localhost/0:0:0:0:0:0:0:1] failed: Connection refused: getsockopt
	at org.springframework.web.client.RestTemplate.createResourceAccessException(RestTemplate.java:888)
	at org.springframework.web.client.RestTemplate.doExecute(RestTemplate.java:868)
	at org.springframework.web.client.RestTemplate.execute(RestTemplate.java:764)
	at org.springframework.web.client.RestTemplate.exchange(RestTemplate.java:646)
	at org.springframework.boot.actuate.autoconfigure.tracing.zipkin.ZipkinRestTemplateSender$RestTemplateHttpPostCall.doExecute(ZipkinRestTemplateSender.java:68)
	at org.springframework.boot.actuate.autoconfigure.tracing.zipkin.ZipkinRestTemplateSender$RestTemplateHttpPostCall.doExecute(ZipkinRestTemplateSender.java:48)
	at zipkin2.Call$Base.execute(Call.java:391)
	at zipkin2.reporter.AsyncReporter$BoundedAsyncReporter.flush(AsyncReporter.java:299)
	at zipkin2.reporter.AsyncReporter$Flusher.run(AsyncReporter.java:378)
	at java.base/java.lang.Thread.run(Thread.java:840)
Caused by: org.apache.hc.client5.http.HttpHostConnectException: Connect to http://localhost:9411 [localhost/127.0.0.1, localhost/0:0:0:0:0:0:0:1] failed: Connection refused: getsockopt
	at java.base/sun.nio.ch.Net.pollConnect(Native Method)
	at java.base/sun.nio.ch.Net.pollConnectNow(Net.java:672)
	at java.base/sun.nio.ch.NioSocketImpl.timedFinishConnect(NioSocketImpl.java:547)
	at java.base/sun.nio.ch.NioSocketImpl.connect(NioSocketImpl.java:602)
	at java.base/java.net.SocksSocketImpl.connect(SocksSocketImpl.java:327)
	at java.base/java.net.Socket.connect(Socket.java:633)
	at org.apache.hc.client5.http.socket.PlainConnectionSocketFactory.lambda$connectSocket$0(PlainConnectionSocketFactory.java:91)
	at java.base/java.security.AccessController.doPrivileged(AccessController.java:569)
	at org.apache.hc.client5.http.socket.PlainConnectionSocketFactory.connectSocket(PlainConnectionSocketFactory.java:90)
	at org.apache.hc.client5.http.socket.ConnectionSocketFactory.connectSocket(ConnectionSocketFactory.java:123)
	at org.apache.hc.client5.http.impl.io.DefaultHttpClientConnectionOperator.connect(DefaultHttpClientConnectionOperator.java:184)
	at org.apache.hc.client5.http.impl.io.PoolingHttpClientConnectionManager.connect(PoolingHttpClientConnectionManager.java:447)
	at org.apache.hc.client5.http.impl.classic.InternalExecRuntime.connectEndpoint(InternalExecRuntime.java:162)
	at org.apache.hc.client5.http.impl.classic.InternalExecRuntime.connectEndpoint(InternalExecRuntime.java:172)
	at org.apache.hc.client5.http.impl.classic.ConnectExec.execute(ConnectExec.java:142)
	at org.apache.hc.client5.http.impl.classic.ExecChainElement.execute(ExecChainElement.java:51)
	at org.apache.hc.client5.http.impl.classic.ProtocolExec.execute(ProtocolExec.java:192)
	at org.apache.hc.client5.http.impl.classic.ExecChainElement.execute(ExecChainElement.java:51)
	at org.apache.hc.client5.http.impl.classic.HttpRequestRetryExec.execute(HttpRequestRetryExec.java:96)
	at org.apache.hc.client5.http.impl.classic.ExecChainElement.execute(ExecChainElement.java:51)
	at org.apache.hc.client5.http.impl.classic.ContentCompressionExec.execute(ContentCompressionExec.java:152)
	at org.apache.hc.client5.http.impl.classic.ExecChainElement.execute(ExecChainElement.java:51)
	at org.apache.hc.client5.http.impl.classic.RedirectExec.execute(RedirectExec.java:115)
	at org.apache.hc.client5.http.impl.classic.ExecChainElement.execute(ExecChainElement.java:51)
	at org.apache.hc.client5.http.impl.classic.InternalHttpClient.doExecute(InternalHttpClient.java:170)
	at org.apache.hc.client5.http.impl.classic.CloseableHttpClient.execute(CloseableHttpClient.java:106)
	at org.apache.hc.client5.http.impl.classic.CloseableHttpClient.execute(CloseableHttpClient.java:55)
	at org.springframework.http.client.HttpComponentsClientHttpRequest.executeInternal(HttpComponentsClientHttpRequest.java:93)
	at org.springframework.http.client.AbstractBufferingClientHttpRequest.executeInternal(AbstractBufferingClientHttpRequest.java:48)
	at org.springframework.http.client.AbstractClientHttpRequest.execute(AbstractClientHttpRequest.java:66)
	at org.springframework.web.client.RestTemplate.doExecute(RestTemplate.java:862)
	... 8 common frames omitted
2025-08-04 15:07:08 INFO  c.n.d.s.r.aws.ConfigClusterResolver - Resolving eureka endpoints via configuration
2025-08-04 15:12:08 INFO  c.n.d.s.r.aws.ConfigClusterResolver - Resolving eureka endpoints via configuration
2025-08-04 15:17:09 INFO  c.n.d.s.r.aws.ConfigClusterResolver - Resolving eureka endpoints via configuration
2025-08-04 15:22:10 INFO  c.n.d.s.r.aws.ConfigClusterResolver - Resolving eureka endpoints via configuration
2025-08-04 15:27:10 INFO  c.n.d.s.r.aws.ConfigClusterResolver - Resolving eureka endpoints via configuration
2025-08-04 15:32:10 INFO  c.n.d.s.r.aws.ConfigClusterResolver - Resolving eureka endpoints via configuration
2025-08-04 15:37:10 INFO  c.n.d.s.r.aws.ConfigClusterResolver - Resolving eureka endpoints via configuration
2025-08-04 15:42:10 INFO  c.n.d.s.r.aws.ConfigClusterResolver - Resolving eureka endpoints via configuration
2025-08-04 15:47:10 INFO  c.n.d.s.r.aws.ConfigClusterResolver - Resolving eureka endpoints via configuration
2025-08-04 15:52:10 INFO  c.n.d.s.r.aws.ConfigClusterResolver - Resolving eureka endpoints via configuration
2025-08-04 15:57:10 INFO  c.n.d.s.r.aws.ConfigClusterResolver - Resolving eureka endpoints via configuration
2025-08-04 16:02:10 INFO  c.n.d.s.r.aws.ConfigClusterResolver - Resolving eureka endpoints via configuration
2025-08-04 16:07:10 INFO  c.n.d.s.r.aws.ConfigClusterResolver - Resolving eureka endpoints via configuration
2025-08-04 16:12:08 INFO  o.s.c.n.e.s.EurekaServiceRegistry - Unregistering application SALES-ORDER-SERVICE with eureka with status DOWN
2025-08-04 16:12:08 INFO  c.netflix.discovery.DiscoveryClient - Saw local status change event StatusChangeEvent [timestamp=1754341928028, current=DOWN, previous=UP]
2025-08-04 16:12:08 INFO  c.netflix.discovery.DiscoveryClient - DiscoveryClient_SALES-ORDER-SERVICE/host.docker.internal:sales-order-service:8083: registering service...
2025-08-04 16:12:08 INFO  c.netflix.discovery.DiscoveryClient - DiscoveryClient_SALES-ORDER-SERVICE/host.docker.internal:sales-order-service:8083 - registration status: 204
2025-08-04 16:12:09 INFO  o.s.o.j.LocalContainerEntityManagerFactoryBean - Closing JPA EntityManagerFactory for persistence unit 'default'
2025-08-04 16:12:10 INFO  com.zaxxer.hikari.HikariDataSource - HikariPool-1 - Shutdown initiated...
2025-08-04 16:12:10 INFO  com.zaxxer.hikari.HikariDataSource - HikariPool-1 - Shutdown completed.
2025-08-04 16:12:10 INFO  c.netflix.discovery.DiscoveryClient - Shutting down DiscoveryClient ...
2025-08-04 16:12:10 INFO  c.n.d.s.r.aws.ConfigClusterResolver - Resolving eureka endpoints via configuration
2025-08-04 16:12:13 INFO  c.netflix.discovery.DiscoveryClient - Unregistering ...
2025-08-04 16:12:13 INFO  c.netflix.discovery.DiscoveryClient - DiscoveryClient_SALES-ORDER-SERVICE/host.docker.internal:sales-order-service:8083 - deregister  status: 200
2025-08-04 16:12:13 INFO  c.netflix.discovery.DiscoveryClient - Completed shut down of DiscoveryClient
2025-08-04 16:12:22 INFO  c.v.s.SalesOrderServiceApplication - Starting SalesOrderServiceApplication using Java 17.0.15 with PID 18468 (C:\Users\amath\Downloads\sales-order-service\sales-order-service\target\classes started by amath in C:\Users\amath\Downloads\sales-order-service)
2025-08-04 16:12:22 INFO  c.v.s.SalesOrderServiceApplication - No active profile set, falling back to 1 default profile: "default"
2025-08-04 16:12:23 DEBUG o.s.c.o.FeignClientsRegistrar$1 - Identified candidate component class: file [C:\Users\amath\Downloads\sales-order-service\sales-order-service\target\classes\com\verizon\sales\client\CustomerClient.class]
2025-08-04 16:12:23 DEBUG o.s.c.o.FeignClientsRegistrar$1 - Identified candidate component class: file [C:\Users\amath\Downloads\sales-order-service\sales-order-service\target\classes\com\verizon\sales\client\ItemClient.class]
2025-08-04 16:12:24 INFO  o.s.d.r.c.RepositoryConfigurationDelegate - Bootstrapping Spring Data JPA repositories in DEFAULT mode.
2025-08-04 16:12:25 INFO  o.s.d.r.c.RepositoryConfigurationDelegate - Finished Spring Data repository scanning in 439 ms. Found 2 JPA repository interfaces.
2025-08-04 16:12:28 INFO  o.s.cloud.context.scope.GenericScope - BeanFactory id=2faf6474-fa67-3679-9caa-dedbd90cbf76
2025-08-04 16:12:29 DEBUG o.s.c.o.FeignClientFactoryBean - Creating a FeignClientFactoryBean.
2025-08-04 16:12:29 INFO  o.s.c.s.PostProcessorRegistrationDelegate$BeanPostProcessorChecker - Bean 'com.verizon.sales.client.CustomerClient' of type [org.springframework.cloud.openfeign.FeignClientFactoryBean] is not eligible for getting processed by all BeanPostProcessors (for example: not eligible for auto-proxying)
2025-08-04 16:12:29 DEBUG o.s.c.o.FeignClientFactoryBean - Creating a FeignClientFactoryBean.
2025-08-04 16:12:29 INFO  o.s.c.s.PostProcessorRegistrationDelegate$BeanPostProcessorChecker - Bean 'com.verizon.sales.client.ItemClient' of type [org.springframework.cloud.openfeign.FeignClientFactoryBean] is not eligible for getting processed by all BeanPostProcessors (for example: not eligible for auto-proxying)
2025-08-04 16:12:31 INFO  o.s.b.w.e.tomcat.TomcatWebServer - Tomcat initialized with port(s): 8083 (http)
2025-08-04 16:12:31 INFO  o.a.coyote.http11.Http11NioProtocol - Initializing ProtocolHandler ["http-nio-8083"]
2025-08-04 16:12:31 INFO  o.a.catalina.core.StandardService - Starting service [Tomcat]
2025-08-04 16:12:31 INFO  o.a.catalina.core.StandardEngine - Starting Servlet engine: [Apache Tomcat/10.1.18]
2025-08-04 16:12:31 INFO  o.a.c.c.C.[Tomcat].[localhost].[/] - Initializing Spring embedded WebApplicationContext
2025-08-04 16:12:31 INFO  o.s.b.w.s.c.ServletWebServerApplicationContext - Root WebApplicationContext: initialization completed in 9181 ms
2025-08-04 16:12:32 INFO  com.zaxxer.hikari.HikariDataSource - HikariPool-1 - Starting...
2025-08-04 16:12:33 INFO  com.zaxxer.hikari.pool.HikariPool - HikariPool-1 - Added connection conn0: url=jdbc:h2:mem:salesdb user=SA
2025-08-04 16:12:33 INFO  com.zaxxer.hikari.HikariDataSource - HikariPool-1 - Start completed.
2025-08-04 16:12:33 INFO  o.s.b.a.h.H2ConsoleAutoConfiguration - H2 console available at '/h2-console'. Database available at 'jdbc:h2:mem:salesdb'
2025-08-04 16:12:33 INFO  o.h.jpa.internal.util.LogHelper - HHH000204: Processing PersistenceUnitInfo [name: default]
2025-08-04 16:12:34 INFO  org.hibernate.Version - HHH000412: Hibernate ORM core version 6.2.20.Final
2025-08-04 16:12:34 INFO  org.hibernate.cfg.Environment - HHH000406: Using bytecode reflection optimizer
2025-08-04 16:12:34 INFO  o.s.o.j.p.SpringPersistenceUnitInfo - No LoadTimeWeaver setup: ignoring JPA class transformer
2025-08-04 16:12:34 WARN  org.hibernate.orm.deprecation - HHH90000025: H2Dialect does not need to be specified explicitly using 'hibernate.dialect' (remove the property setting and it will be selected by default)
2025-08-04 16:12:36 INFO  o.h.e.t.j.p.i.JtaPlatformInitiator - HHH000489: No JTA platform available (set 'hibernate.transaction.jta.platform' to enable JTA platform integration)
2025-08-04 16:12:36 INFO  o.s.o.j.LocalContainerEntityManagerFactoryBean - Initialized JPA EntityManagerFactory for persistence unit 'default'
2025-08-04 16:12:37 INFO  o.s.c.o.FeignClientFactoryBean - For 'customer-service' URL not provided. Will try picking an instance via load-balancing.
2025-08-04 16:12:37 INFO  o.s.c.o.FeignClientFactoryBean - For 'item-service' URL not provided. Will try picking an instance via load-balancing.
2025-08-04 16:12:41 INFO  o.s.c.n.e.c.DiscoveryClientOptionalArgsConfiguration - Eureka HTTP Client uses RestTemplate.
2025-08-04 16:12:41 WARN  o.s.c.l.c.LoadBalancerCacheAutoConfiguration$LoadBalancerCaffeineWarnLogger - Spring Cloud LoadBalancer is currently working with the default cache. While this cache implementation is useful for development and tests, it's recommended to use Caffeine cache in production.You can switch to using Caffeine cache, by adding it and org.springframework.cache.caffeine.CaffeineCacheManager to the classpath.
2025-08-04 16:12:41 INFO  o.s.b.a.e.web.EndpointLinksResolver - Exposing 26 endpoint(s) beneath base path '/actuator'
2025-08-04 16:12:41 INFO  o.s.c.n.eureka.InstanceInfoFactory - Setting initial instance status as: STARTING
2025-08-04 16:12:43 INFO  c.netflix.discovery.DiscoveryClient - Initializing Eureka in region us-east-1
2025-08-04 16:12:43 INFO  c.n.d.s.r.aws.ConfigClusterResolver - Resolving eureka endpoints via configuration
2025-08-04 16:12:43 INFO  c.netflix.discovery.DiscoveryClient - Disable delta property : false
2025-08-04 16:12:43 INFO  c.netflix.discovery.DiscoveryClient - Single vip registry refresh property : null
2025-08-04 16:12:43 INFO  c.netflix.discovery.DiscoveryClient - Force full registry fetch : false
2025-08-04 16:12:43 INFO  c.netflix.discovery.DiscoveryClient - Application is null : false
2025-08-04 16:12:43 INFO  c.netflix.discovery.DiscoveryClient - Registered Applications size is zero : true
2025-08-04 16:12:43 INFO  c.netflix.discovery.DiscoveryClient - Application version is -1: true
2025-08-04 16:12:43 INFO  c.netflix.discovery.DiscoveryClient - Getting all instance registry info from the eureka server
2025-08-04 16:12:44 INFO  c.netflix.discovery.DiscoveryClient - The response status is 200
2025-08-04 16:12:44 INFO  c.netflix.discovery.DiscoveryClient - Starting heartbeat executor: renew interval is: 30
2025-08-04 16:12:44 INFO  c.n.discovery.InstanceInfoReplicator - InstanceInfoReplicator onDemand update allowed rate per min is 4
2025-08-04 16:12:44 INFO  c.netflix.discovery.DiscoveryClient - Discovery Client initialized at timestamp 1754341964040 with initial instances count: 2
2025-08-04 16:12:44 INFO  o.s.c.n.e.s.EurekaServiceRegistry - Registering application SALES-ORDER-SERVICE with eureka with status UP
2025-08-04 16:12:44 INFO  c.netflix.discovery.DiscoveryClient - Saw local status change event StatusChangeEvent [timestamp=1754341964051, current=UP, previous=STARTING]
2025-08-04 16:12:44 INFO  c.netflix.discovery.DiscoveryClient - DiscoveryClient_SALES-ORDER-SERVICE/host.docker.internal:sales-order-service:8083: registering service...
2025-08-04 16:12:44 INFO  o.a.coyote.http11.Http11NioProtocol - Starting ProtocolHandler ["http-nio-8083"]
2025-08-04 16:12:44 INFO  o.s.b.w.e.tomcat.TomcatWebServer - Tomcat started on port(s): 8083 (http) with context path ''
2025-08-04 16:12:44 INFO  o.s.c.n.e.s.EurekaAutoServiceRegistration - Updating port to 8083
2025-08-04 16:12:44 INFO  c.netflix.discovery.DiscoveryClient - DiscoveryClient_SALES-ORDER-SERVICE/host.docker.internal:sales-order-service:8083 - registration status: 204
2025-08-04 16:12:44 INFO  c.v.s.SalesOrderServiceApplication - Started SalesOrderServiceApplication in 23.51 seconds (process running for 24.236)
2025-08-04 16:13:36 INFO  o.a.c.c.C.[Tomcat].[localhost].[/] - Initializing Spring DispatcherServlet 'dispatcherServlet'
2025-08-04 16:13:36 INFO  o.s.web.servlet.DispatcherServlet - Initializing Servlet 'dispatcherServlet'
2025-08-04 16:13:36 INFO  o.s.web.servlet.DispatcherServlet - Completed initialization in 11 ms
2025-08-04 16:13:38 WARN  z.r.AsyncReporter$BoundedAsyncReporter - Spans were dropped due to exceptions. All subsequent errors will be logged at FINE level.
2025-08-04 16:13:38 WARN  z.r.AsyncReporter$BoundedAsyncReporter - Dropped 1 spans due to ResourceAccessException(I/O error on POST request for "http://localhost:9411/api/v2/spans": Connect to http://localhost:9411 [localhost/127.0.0.1, localhost/0:0:0:0:0:0:0:1] failed: Connection refused: getsockopt)
org.springframework.web.client.ResourceAccessException: I/O error on POST request for "http://localhost:9411/api/v2/spans": Connect to http://localhost:9411 [localhost/127.0.0.1, localhost/0:0:0:0:0:0:0:1] failed: Connection refused: getsockopt
	at org.springframework.web.client.RestTemplate.createResourceAccessException(RestTemplate.java:888)
	at org.springframework.web.client.RestTemplate.doExecute(RestTemplate.java:868)
	at org.springframework.web.client.RestTemplate.execute(RestTemplate.java:764)
	at org.springframework.web.client.RestTemplate.exchange(RestTemplate.java:646)
	at org.springframework.boot.actuate.autoconfigure.tracing.zipkin.ZipkinRestTemplateSender$RestTemplateHttpPostCall.doExecute(ZipkinRestTemplateSender.java:68)
	at org.springframework.boot.actuate.autoconfigure.tracing.zipkin.ZipkinRestTemplateSender$RestTemplateHttpPostCall.doExecute(ZipkinRestTemplateSender.java:48)
	at zipkin2.Call$Base.execute(Call.java:391)
	at zipkin2.reporter.AsyncReporter$BoundedAsyncReporter.flush(AsyncReporter.java:299)
	at zipkin2.reporter.AsyncReporter$Flusher.run(AsyncReporter.java:378)
	at java.base/java.lang.Thread.run(Thread.java:840)
Caused by: org.apache.hc.client5.http.HttpHostConnectException: Connect to http://localhost:9411 [localhost/127.0.0.1, localhost/0:0:0:0:0:0:0:1] failed: Connection refused: getsockopt
	at java.base/sun.nio.ch.Net.pollConnect(Native Method)
	at java.base/sun.nio.ch.Net.pollConnectNow(Net.java:672)
	at java.base/sun.nio.ch.NioSocketImpl.timedFinishConnect(NioSocketImpl.java:547)
	at java.base/sun.nio.ch.NioSocketImpl.connect(NioSocketImpl.java:602)
	at java.base/java.net.SocksSocketImpl.connect(SocksSocketImpl.java:327)
	at java.base/java.net.Socket.connect(Socket.java:633)
	at org.apache.hc.client5.http.socket.PlainConnectionSocketFactory.lambda$connectSocket$0(PlainConnectionSocketFactory.java:91)
	at java.base/java.security.AccessController.doPrivileged(AccessController.java:569)
	at org.apache.hc.client5.http.socket.PlainConnectionSocketFactory.connectSocket(PlainConnectionSocketFactory.java:90)
	at org.apache.hc.client5.http.socket.ConnectionSocketFactory.connectSocket(ConnectionSocketFactory.java:123)
	at org.apache.hc.client5.http.impl.io.DefaultHttpClientConnectionOperator.connect(DefaultHttpClientConnectionOperator.java:184)
	at org.apache.hc.client5.http.impl.io.PoolingHttpClientConnectionManager.connect(PoolingHttpClientConnectionManager.java:447)
	at org.apache.hc.client5.http.impl.classic.InternalExecRuntime.connectEndpoint(InternalExecRuntime.java:162)
	at org.apache.hc.client5.http.impl.classic.InternalExecRuntime.connectEndpoint(InternalExecRuntime.java:172)
	at org.apache.hc.client5.http.impl.classic.ConnectExec.execute(ConnectExec.java:142)
	at org.apache.hc.client5.http.impl.classic.ExecChainElement.execute(ExecChainElement.java:51)
	at org.apache.hc.client5.http.impl.classic.ProtocolExec.execute(ProtocolExec.java:192)
	at org.apache.hc.client5.http.impl.classic.ExecChainElement.execute(ExecChainElement.java:51)
	at org.apache.hc.client5.http.impl.classic.HttpRequestRetryExec.execute(HttpRequestRetryExec.java:96)
	at org.apache.hc.client5.http.impl.classic.ExecChainElement.execute(ExecChainElement.java:51)
	at org.apache.hc.client5.http.impl.classic.ContentCompressionExec.execute(ContentCompressionExec.java:152)
	at org.apache.hc.client5.http.impl.classic.ExecChainElement.execute(ExecChainElement.java:51)
	at org.apache.hc.client5.http.impl.classic.RedirectExec.execute(RedirectExec.java:115)
	at org.apache.hc.client5.http.impl.classic.ExecChainElement.execute(ExecChainElement.java:51)
	at org.apache.hc.client5.http.impl.classic.InternalHttpClient.doExecute(InternalHttpClient.java:170)
	at org.apache.hc.client5.http.impl.classic.CloseableHttpClient.execute(CloseableHttpClient.java:106)
	at org.apache.hc.client5.http.impl.classic.CloseableHttpClient.execute(CloseableHttpClient.java:55)
	at org.springframework.http.client.HttpComponentsClientHttpRequest.executeInternal(HttpComponentsClientHttpRequest.java:93)
	at org.springframework.http.client.AbstractBufferingClientHttpRequest.executeInternal(AbstractBufferingClientHttpRequest.java:48)
	at org.springframework.http.client.AbstractClientHttpRequest.execute(AbstractClientHttpRequest.java:66)
	at org.springframework.web.client.RestTemplate.doExecute(RestTemplate.java:862)
	... 8 common frames omitted
2025-08-04 16:17:43 INFO  c.n.d.s.r.aws.ConfigClusterResolver - Resolving eureka endpoints via configuration
2025-08-04 16:22:43 INFO  c.n.d.s.r.aws.ConfigClusterResolver - Resolving eureka endpoints via configuration
2025-08-04 16:27:43 INFO  c.n.d.s.r.aws.ConfigClusterResolver - Resolving eureka endpoints via configuration
2025-08-04 16:32:44 INFO  c.n.d.s.r.aws.ConfigClusterResolver - Resolving eureka endpoints via configuration
2025-08-04 16:37:44 INFO  c.n.d.s.r.aws.ConfigClusterResolver - Resolving eureka endpoints via configuration
2025-08-04 16:42:44 INFO  c.n.d.s.r.aws.ConfigClusterResolver - Resolving eureka endpoints via configuration
2025-08-04 16:47:44 INFO  c.n.d.s.r.aws.ConfigClusterResolver - Resolving eureka endpoints via configuration
2025-08-04 16:52:44 INFO  c.n.d.s.r.aws.ConfigClusterResolver - Resolving eureka endpoints via configuration
2025-08-04 16:57:44 INFO  c.n.d.s.r.aws.ConfigClusterResolver - Resolving eureka endpoints via configuration
2025-08-04 17:02:44 INFO  c.n.d.s.r.aws.ConfigClusterResolver - Resolving eureka endpoints via configuration
2025-08-04 17:07:44 INFO  c.n.d.s.r.aws.ConfigClusterResolver - Resolving eureka endpoints via configuration
2025-08-04 17:12:44 INFO  c.n.d.s.r.aws.ConfigClusterResolver - Resolving eureka endpoints via configuration
2025-08-04 17:17:44 INFO  c.n.d.s.r.aws.ConfigClusterResolver - Resolving eureka endpoints via configuration
2025-08-04 17:22:44 INFO  c.n.d.s.r.aws.ConfigClusterResolver - Resolving eureka endpoints via configuration
2025-08-04 17:27:45 INFO  c.n.d.s.r.aws.ConfigClusterResolver - Resolving eureka endpoints via configuration
2025-08-04 17:32:45 INFO  c.n.d.s.r.aws.ConfigClusterResolver - Resolving eureka endpoints via configuration
2025-08-04 17:37:45 INFO  c.n.d.s.r.aws.ConfigClusterResolver - Resolving eureka endpoints via configuration
2025-08-04 17:42:45 INFO  c.n.d.s.r.aws.ConfigClusterResolver - Resolving eureka endpoints via configuration
2025-08-04 17:47:45 INFO  c.n.d.s.r.aws.ConfigClusterResolver - Resolving eureka endpoints via configuration
2025-08-04 21:51:31 WARN  com.zaxxer.hikari.pool.HikariPool - HikariPool-1 - Thread starvation or clock leap detected (housekeeper delta=4h21s434ms857µs600ns).
